<?xml version="1.0" encoding="UTF-8"?>
<testsuite name="models.WritingRepositoryTest" tests="2" skipped="0" failures="0" errors="0" timestamp="2022-06-30T07:33:21" hostname="seonghwan-ui-MacBookPro.local" time="0.322">
  <properties/>
  <testcase name="addTitle()" classname="models.WritingRepositoryTest" time="0.32"/>
  <testcase name="addcontent()" classname="models.WritingRepositoryTest" time="0.001"/>
  <system-out><![CDATA[]]></system-out>
  <system-err><![CDATA[]]></system-err>
</testsuite>
